Performing C++ SOURCE FILE Test COMPILER_SUPPORT_Wshorten64to32 failed with the following output:
Change Dir: /home/nightmare/Code/pixeljig/nightmare/build/CMakeFiles/CMakeTmp

Run Build Command(s):/usr/bin/ninja cmTC_cbf37 && [1/2] Building CXX object CMakeFiles/cmTC_cbf37.dir/src.cxx.o
FAILED: CMakeFiles/cmTC_cbf37.dir/src.cxx.o 
/usr/bin/c++   -std=c++03 -pedantic -Wall -Wextra -Wundef -Wcast-align -Wchar-subscripts -Wnon-virtual-dtor -Wunused-local-typedefs -Wpointer-arith -Wwrite-strings -Wformat-security -DCOMPILER_SUPPORT_Wshorten64to32 -Werror   -Wshorten-64-to-32 -o CMakeFiles/cmTC_cbf37.dir/src.cxx.o -c src.cxx
c++: error: unrecognized command-line option '-Wshorten-64-to-32'
ninja: build stopped: subcommand failed.


Source file was:
int main() { return 0; }
Performing C++ SOURCE FILE Test COMPILER_SUPPORT_Wcpp11extensions failed with the following output:
Change Dir: /home/nightmare/Code/pixeljig/nightmare/build/CMakeFiles/CMakeTmp

Run Build Command(s):/usr/bin/ninja cmTC_de1f2 && [1/2] Building CXX object CMakeFiles/cmTC_de1f2.dir/src.cxx.o
FAILED: CMakeFiles/cmTC_de1f2.dir/src.cxx.o 
/usr/bin/c++   -std=c++03 -pedantic -Wall -Wextra -Wundef -Wcast-align -Wchar-subscripts -Wnon-virtual-dtor -Wunused-local-typedefs -Wpointer-arith -Wwrite-strings -Wformat-security -Wlogical-op -Wenum-conversion -DCOMPILER_SUPPORT_Wcpp11extensions -Werror   -Wc++11-extensions -o CMakeFiles/cmTC_de1f2.dir/src.cxx.o -c src.cxx
c++: error: unrecognized command-line option '-Wc++11-extensions'; did you mean '-fms-extensions'?
ninja: build stopped: subcommand failed.


Source file was:
int main() { return 0; }
Performing C++ SOURCE FILE Test COMPILER_SUPPORT_wd981 failed with the following output:
Change Dir: /home/nightmare/Code/pixeljig/nightmare/build/CMakeFiles/CMakeTmp

Run Build Command(s):/usr/bin/ninja cmTC_6ca93 && [1/2] Building CXX object CMakeFiles/cmTC_6ca93.dir/src.cxx.o
FAILED: CMakeFiles/cmTC_6ca93.dir/src.cxx.o 
/usr/bin/c++   -std=c++03 -pedantic -Wall -Wextra -Wundef -Wcast-align -Wchar-subscripts -Wnon-virtual-dtor -Wunused-local-typedefs -Wpointer-arith -Wwrite-strings -Wformat-security -Wlogical-op -Wenum-conversion -Wdouble-promotion -Wshadow -Wno-psabi -Wno-variadic-macros -Wno-long-long -fno-check-new -fno-common -fstrict-aliasing -DCOMPILER_SUPPORT_wd981 -Werror   -wd981 -o CMakeFiles/cmTC_6ca93.dir/src.cxx.o -c src.cxx
c++: error: unrecognized command-line option '-wd981'
ninja: build stopped: subcommand failed.


Source file was:
int main() { return 0; }
Performing C++ SOURCE FILE Test COMPILER_SUPPORT_wd2304 failed with the following output:
Change Dir: /home/nightmare/Code/pixeljig/nightmare/build/CMakeFiles/CMakeTmp

Run Build Command(s):/usr/bin/ninja cmTC_3010b && [1/2] Building CXX object CMakeFiles/cmTC_3010b.dir/src.cxx.o
FAILED: CMakeFiles/cmTC_3010b.dir/src.cxx.o 
/usr/bin/c++   -std=c++03 -pedantic -Wall -Wextra -Wundef -Wcast-align -Wchar-subscripts -Wnon-virtual-dtor -Wunused-local-typedefs -Wpointer-arith -Wwrite-strings -Wformat-security -Wlogical-op -Wenum-conversion -Wdouble-promotion -Wshadow -Wno-psabi -Wno-variadic-macros -Wno-long-long -fno-check-new -fno-common -fstrict-aliasing -DCOMPILER_SUPPORT_wd2304 -Werror   -wd2304 -o CMakeFiles/cmTC_3010b.dir/src.cxx.o -c src.cxx
c++: error: unrecognized command-line option '-wd2304'
ninja: build stopped: subcommand failed.


Source file was:
int main() { return 0; }
Performing C++ SOURCE FILE Test COMPILER_SUPPORT_STRICTANSI failed with the following output:
Change Dir: /home/nightmare/Code/pixeljig/nightmare/build/CMakeFiles/CMakeTmp

Run Build Command(s):/usr/bin/ninja cmTC_6d52a && [1/2] Building CXX object CMakeFiles/cmTC_6d52a.dir/src.cxx.o
FAILED: CMakeFiles/cmTC_6d52a.dir/src.cxx.o 
/usr/bin/c++   -std=c++03 -pedantic -Wall -Wextra -Wundef -Wcast-align -Wchar-subscripts -Wnon-virtual-dtor -Wunused-local-typedefs -Wpointer-arith -Wwrite-strings -Wformat-security -Wlogical-op -Wenum-conversion -Wdouble-promotion -Wshadow -Wno-psabi -Wno-variadic-macros -Wno-long-long -fno-check-new -fno-common -fstrict-aliasing -DCOMPILER_SUPPORT_STRICTANSI -Werror   -strict-ansi -o CMakeFiles/cmTC_6d52a.dir/src.cxx.o -c src.cxx
c++: error: unrecognized command-line option '-strict-ansi'; did you mean '-fstrict-enums'?
ninja: build stopped: subcommand failed.


Source file was:
int main() { return 0; }
Performing C++ SOURCE FILE Test COMPILER_SUPPORT_Qunusedarguments failed with the following output:
Change Dir: /home/nightmare/Code/pixeljig/nightmare/build/CMakeFiles/CMakeTmp

Run Build Command(s):/usr/bin/ninja cmTC_d4908 && [1/2] Building CXX object CMakeFiles/cmTC_d4908.dir/src.cxx.o
FAILED: CMakeFiles/cmTC_d4908.dir/src.cxx.o 
/usr/bin/c++   -std=c++03 -pedantic -Wall -Wextra -Wundef -Wcast-align -Wchar-subscripts -Wnon-virtual-dtor -Wunused-local-typedefs -Wpointer-arith -Wwrite-strings -Wformat-security -Wlogical-op -Wenum-conversion -Wdouble-promotion -Wshadow -Wno-psabi -Wno-variadic-macros -Wno-long-long -fno-check-new -fno-common -fstrict-aliasing -DCOMPILER_SUPPORT_Qunusedarguments -Werror   -Qunused-arguments -o CMakeFiles/cmTC_d4908.dir/src.cxx.o -c src.cxx
c++: error: unrecognized command-line option '-Qunused-arguments'
ninja: build stopped: subcommand failed.


Source file was:
int main() { return 0; }
Looking for a Fortran compiler failed with the following output:
-- The Fortran compiler identification is unknown
CMake Error at CMakeLists.txt:2 (project):
  No CMAKE_Fortran_COMPILER could be found.

  Tell CMake where to find the compiler by setting either the environment
  variable "FC" or the CMake cache entry CMAKE_Fortran_COMPILER to the full
  path to the compiler, or to the compiler name if it is in the PATH.


-- Configuring incomplete, errors occurred!
See also "/home/nightmare/Code/pixeljig/nightmare/build/third_party/eigen3/blas/CMakeFiles/CheckFortran/CMakeFiles/CMakeOutput.log".
See also "/home/nightmare/Code/pixeljig/nightmare/build/third_party/eigen3/blas/CMakeFiles/CheckFortran/CMakeFiles/CMakeError.log".

